"lb": {Format: ITYPE, Opcode: 0b0000011, Funct3: 0b000, Funct7: 0b0},
"lh": {Format: ITYPE, Opcode: 0b0000011, Funct3: 0b001, Funct7: 0b0},
"lw": {Format: ITYPE, Opcode: 0b0000011, Funct3: 0b010, Funct7: 0b0},
"lbu": {Format: ITYPE, Opcode: 0b0000011, Funct3: 0b100, Funct7: 0b0},
"lhu": {Format: ITYPE, Opcode: 0b0000011, Funct3: 0b101, Funct7: 0b0},
"addi": {Format: ITYPE, Opcode: 0b0010011, Funct3: 0b000, Funct7: 0b0},
"slli": {Format: ITYPE, Opcode: 0b0010011, Funct3: 0b001, Funct7: 0b0000000},
"slti": {Format: ITYPE, Opcode: 0b0010011, Funct3: 0b010, Funct7: 0b0},
"sltiu": {Format: ITYPE, Opcode: 0b0010011, Funct3: 0b011, Funct7: 0b0},
"xori": {Format: ITYPE, Opcode: 0b0010011, Funct3: 0b100, Funct7: 0b0},
"srli": {Format: ITYPE, Opcode: 0b0010011, Funct3: 0b101, Funct7: 0b0000000},
"srai": {Format: ITYPE, Opcode: 0b0010011, Funct3: 0b101, Funct7: 0b0100000},
"ori": {Format: ITYPE, Opcode: 0b0010011, Funct3: 0b110, Funct7: 0b0},
"andi": {Format: ITYPE, Opcode: 0b0010011, Funct3: 0b111, Funct7: 0b0},
"auipc": {Format: UTYPE, Opcode: 0b0010111, Funct3: 0b0, Funct7: 0b0},
"sb": {Format: STYPE, Opcode: 0b0100011, Funct3: 0b000, Funct7: 0b0},
"sh": {Format: STYPE, Opcode: 0b0100011, Funct3: 0b001, Funct7: 0b0},
"sw": {Format: STYPE, Opcode: 0b0100011, Funct3: 0b010, Funct7: 0b0},
"add": {Format: RTYPE, Opcode: 0b0110011, Funct3: 0b000, Funct7: 0b0000000},
"sub": {Format: RTYPE, Opcode: 0b0110011, Funct3: 0b000, Funct7: 0b0100000},
"sll": {Format: RTYPE, Opcode: 0b0110011, Funct3: 0b001, Funct7: 0b0000000},
"slt": {Format: RTYPE, Opcode: 0b0110011, Funct3: 0b010, Funct7: 0b0000000},
"sltu": {Format: RTYPE, Opcode: 0b0110011, Funct3: 0b011, Funct7: 0b0000000},
"xor": {Format: RTYPE, Opcode: 0b0110011, Funct3: 0b100, Funct7: 0b0000000},
"srl": {Format: RTYPE, Opcode: 0b0110011, Funct3: 0b101, Funct7: 0b0000000},
"sra": {Format: RTYPE, Opcode: 0b0110011, Funct3: 0b101, Funct7: 0b0100000},
"or": {Format: RTYPE, Opcode: 0b0110011, Funct3: 0b110, Funct7: 0b0000000},
"and": {Format: RTYPE, Opcode: 0b0110011, Funct3: 0b111, Funct7: 0b0000000},
"lui": {Format: UTYPE, Opcode: 0b0110111, Funct3: 0b0, Funct7: 0b0},
"beq": {Format: BTYPE, Opcode: 0b1100011, Funct3: 0b000, Funct7: 0b0},
"bne": {Format: BTYPE, Opcode: 0b1100011, Funct3: 0b001, Funct7: 0b0},
"blt": {Format: BTYPE, Opcode: 0b1100011, Funct3: 0b100, Funct7: 0b0},
"bge": {Format: BTYPE, Opcode: 0b1100011, Funct3: 0b101, Funct7: 0b0},
"bltu": {Format: BTYPE, Opcode: 0b1100011, Funct3: 0b110, Funct7: 0b0},
"bgeu": {Format: BTYPE, Opcode: 0b1100011, Funct3: 0b111, Funct7: 0b0},
"jalr": {Format: ITYPE, Opcode: 0b1100111, Funct3: 0b000, Funct7: 0b0},
"jal": {Format: JTYPE, Opcode: 0b1101111, Funct3: 0b0, Funct7: 0b0},
